[2014-11-02 22:54:51] START
[2014-11-02 22:59:12] EDIT Test_App/models/db.py: 7
[2014-11-02 23:03:08] EDIT Test_App/controllers/default.py: 3
[2014-11-02 23:05:00] EDIT Test_App/controllers/default.py: 13
[2014-11-02 23:05:48] EDIT Test_App/controllers/default.py: 1
[2014-11-02 23:06:32] EDIT Test_App/controllers/default.py: 0
[2014-11-02 23:07:14] EDIT Test_App/controllers/default.py: 0
[2014-11-02 23:07:16] EDIT Test_App/controllers/default.py: 0
[2014-11-02 23:07:20] EDIT Test_App/controllers/default.py: 0
[2014-11-02 23:07:54] EDIT Test_App/controllers/default.py: 0
[2014-11-02 23:08:37] EDIT Test_App/controllers/default.py: 1
[2014-11-02 23:13:38] EDIT Test_App/controllers/default.py: 0
[2014-11-02 23:14:00] EDIT Test_App/controllers/default.py: 0
[2014-11-02 23:15:49] EDIT Test_App/controllers/default.py: 16
[2014-11-02 23:16:55] CREATE create.html: 0
[2014-11-02 23:17:29] DELETE Test_App/views/create.html: -3
[2014-11-02 23:17:49] CREATE default/create.html: 0
[2014-11-02 23:20:36] EDIT Test_App/views/default/create.html: 1
[2014-11-02 23:20:44] EDIT Test_App/views/default/create.html: -1
[2014-11-02 23:41:11] EDIT Test_App/models/db.py: 0
[2014-11-02 23:46:07] EDIT Test_App/models/db.py: 12
[2014-11-02 23:47:50] EDIT Test_App/models/db.py: -1
[2014-11-02 23:57:40] EDIT Test_App/views/default/index.html: 3
[2014-11-02 23:58:08] EDIT Test_App/views/default/index.html: 3
[2014-11-02 23:58:11] EDIT Test_App/views/default/index.html: 0
[2014-11-02 23:58:35] EDIT Test_App/views/default/index.html: 0
[2014-11-02 23:58:35] EDIT Test_App/views/default/index.html: 0
[2014-11-02 23:58:35] EDIT Test_App/views/default/index.html: 0
[2014-11-02 23:58:35] EDIT Test_App/views/default/index.html: 0
[2014-11-02 23:59:14] EDIT Test_App/views/default/index.html: 0
[2014-11-03 00:02:53] EDIT Test_App/views/default/index.html: -28
[2014-11-03 00:04:45] EDIT Test_App/views/default/index.html: 0
[2014-11-03 00:44:17] EDIT Test_App/views/default/index.html: 2
[2014-11-03 00:48:43] EDIT Test_App/views/default/index.html: 0
[2014-11-03 19:58:56] EDIT Test_App/views/default/index.html: 3
[2014-11-03 20:33:27] EDIT Test_App/views/default/index.html: 0
[2014-11-03 20:34:27] EDIT Test_App/views/default/index.html: -1
[2014-11-03 20:34:28] EDIT Test_App/views/default/index.html: 0
[2014-11-03 20:34:54] DELETE Test_App/views/default/index.html.1: -14
[2014-11-03 20:35:07] EDIT Test_App/views/default/index.html: 0
[2014-11-03 20:35:18] EDIT Test_App/views/default/index.html: -2
[2014-11-03 21:02:00] EDIT Test_App/views/default/index.html: 2
[2014-11-03 21:07:49] EDIT Test_App/views/default/index.html: 2
[2014-11-03 21:08:13] EDIT Test_App/views/default/index.html: -2
[2014-11-03 21:08:27] EDIT Test_App/views/default/index.html: 0
[2014-11-03 21:08:28] EDIT Test_App/views/default/index.html: 0
[2014-11-03 21:14:08] EDIT Test_App/views/default/index.html: 0
[2014-11-03 21:24:21] EDIT Test_App/views/default/index.html: 0
[2014-11-03 21:25:11] EDIT Test_App/views/default/index.html: 0
[2014-11-03 21:25:29] EDIT Test_App/views/default/index.html: 1
[2014-11-03 21:25:51] EDIT Test_App/views/default/index.html: 0
[2014-11-03 21:26:22] EDIT Test_App/views/default/index.html: -1
[2014-11-03 21:28:25] EDIT Test_App/views/default/index.html: 1
[2014-11-03 21:28:25] EDIT Test_App/views/default/index.html: 0
[2014-11-03 21:28:26] EDIT Test_App/views/default/index.html: 0
[2014-11-03 21:29:09] EDIT Test_App/views/default/index.html: 0
[2014-11-03 21:30:06] EDIT Test_App/views/default/index.html: 1
[2014-11-03 21:31:26] EDIT Test_App/views/default/index.html: 1
[2014-11-03 21:31:28] EDIT Test_App/views/default/index.html: 0
[2014-11-03 21:31:54] EDIT Test_App/views/default/index.html: -1
[2014-11-03 21:31:55] EDIT Test_App/views/default/index.html: 0
[2014-11-03 21:32:21] EDIT Test_App/views/default/index.html: 1
[2014-11-03 21:33:01] EDIT Test_App/views/default/index.html: 0
[2014-11-03 21:33:17] EDIT Test_App/views/default/index.html: 0
[2014-11-03 21:33:24] EDIT Test_App/views/default/index.html: 1
[2014-11-03 21:33:40] EDIT Test_App/views/default/index.html: 0
[2014-11-03 21:34:05] EDIT Test_App/views/default/index.html: 0
[2014-11-03 21:37:54] EDIT Test_App/views/default/index.html: 1
[2014-11-03 21:38:17] EDIT Test_App/views/default/index.html: 0
[2014-11-03 21:39:42] EDIT Test_App/views/default/index.html: 0
[2014-11-03 21:40:28] EDIT Test_App/views/default/create.html: 9
[2014-11-03 21:45:24] EDIT Test_App/views/default/index.html: 2
[2014-11-03 21:45:24] EDIT Test_App/views/default/index.html: 0
[2014-11-03 21:46:20] EDIT Test_App/views/default/index.html: 0
[2014-11-03 21:47:27] EDIT Test_App/views/default/create.html: 2
[2014-11-03 21:47:27] EDIT Test_App/views/default/create.html: 0
[2014-11-03 21:47:27] EDIT Test_App/views/default/create.html: 0
[2014-11-03 21:52:52] EDIT Test_App/views/default/create.html: 2
[2014-11-03 21:54:04] EDIT Test_App/views/default/create.html: 0
[2014-11-03 21:56:36] EDIT Test_App/views/default/create.html: 0
[2014-11-03 22:29:22] EDIT Test_App/views/default/create.html: -7
[2014-11-03 22:33:51] EDIT Test_App/views/default/create.html: 7
[2014-11-03 22:35:29] EDIT Test_App/views/default/create.html: 0
[2014-11-03 22:37:09] EDIT Test_App/views/default/create.html: 0
[2014-11-03 22:37:33] EDIT Test_App/views/default/create.html: 0
[2014-11-03 22:38:33] EDIT Test_App/views/default/create.html: 0
[2014-11-03 22:39:23] EDIT Test_App/views/default/create.html: -1
[2014-11-03 22:45:01] EDIT Test_App/views/default/create.html: 3
[2014-11-03 22:45:41] EDIT Test_App/views/default/create.html: -2
[2014-11-03 22:46:04] EDIT Test_App/views/default/create.html: 1
[2014-11-03 22:46:42] EDIT Test_App/views/default/create.html: 0
[2014-11-03 22:46:58] EDIT Test_App/views/default/create.html: 3
[2014-11-03 22:47:10] EDIT Test_App/views/default/create.html: 0
[2014-11-03 22:47:12] EDIT Test_App/views/default/create.html: 0
[2014-11-03 22:48:20] EDIT Test_App/views/default/create.html: 1
[2014-11-03 22:48:46] EDIT Test_App/views/default/create.html: 0
[2014-11-03 22:48:50] EDIT Test_App/views/default/create.html: 0
[2014-11-03 22:49:22] EDIT Test_App/views/default/create.html: 0
[2014-11-03 22:49:35] EDIT Test_App/views/default/create.html: 0
[2014-11-03 22:50:05] EDIT Test_App/views/default/create.html: 0
[2014-11-03 22:50:17] EDIT Test_App/views/default/create.html: 0
[2014-11-03 22:50:50] EDIT Test_App/views/default/create.html: 1
[2014-11-03 22:51:08] EDIT Test_App/views/default/create.html: 0
[2014-11-03 22:51:45] EDIT Test_App/views/default/create.html: 1
[2014-11-03 22:52:03] EDIT Test_App/views/default/create.html: 1
[2014-11-03 22:52:08] EDIT Test_App/views/default/create.html: 0
[2014-11-03 22:52:16] EDIT Test_App/views/default/create.html: 1
[2014-11-03 22:52:29] EDIT Test_App/views/default/create.html: 0
[2014-11-03 22:52:57] EDIT Test_App/views/default/create.html: 0
[2014-11-03 22:52:58] EDIT Test_App/views/default/create.html: 0
[2014-11-03 22:53:36] EDIT Test_App/views/default/create.html: 0
[2014-11-03 22:54:04] EDIT Test_App/views/default/create.html: 0
[2014-11-03 22:54:08] EDIT Test_App/views/default/create.html: 0
[2014-11-03 22:54:23] EDIT Test_App/views/default/create.html: 1
[2014-11-03 22:55:27] EDIT Test_App/models/db.py: 0
[2014-11-03 22:55:30] EDIT Test_App/models/db.py: 0
[2014-11-03 22:55:38] EDIT Test_App/models/db.py: 3
[2014-11-03 22:56:14] EDIT Test_App/models/db.py: 0
[2014-11-03 22:56:33] EDIT Test_App/models/db.py: 2
[2014-11-03 22:56:41] EDIT Test_App/models/db.py: 0
[2014-11-03 22:56:47] EDIT Test_App/models/db.py: 0
[2014-11-03 22:56:52] EDIT Test_App/models/db.py: 0
[2014-11-03 22:56:59] EDIT Test_App/models/db.py: 0
[2014-11-03 22:57:04] EDIT Test_App/models/db.py: 0
[2014-11-03 22:57:10] EDIT Test_App/models/db.py: 0
[2014-11-03 22:57:14] EDIT Test_App/models/db.py: 0
[2014-11-03 22:57:21] EDIT Test_App/models/db.py: 0
[2014-11-03 22:57:23] EDIT Test_App/models/db.py: 0
[2014-11-03 22:57:27] EDIT Test_App/models/db.py: 0
[2014-11-03 22:57:38] EDIT Test_App/models/db.py: 0
[2014-11-03 22:57:42] EDIT Test_App/models/db.py: 0
[2014-11-03 22:57:54] EDIT Test_App/models/db.py: 0
[2014-11-03 22:58:00] EDIT Test_App/models/db.py: 0
[2014-11-03 22:58:16] EDIT Test_App/views/default/create.html: 0
[2014-11-03 22:58:21] EDIT Test_App/views/default/create.html: 0
[2014-11-03 22:58:31] EDIT Test_App/models/db.py: 1
[2014-11-03 22:58:33] EDIT Test_App/models/db.py: 0
[2014-11-03 22:58:38] EDIT Test_App/models/db.py: 0
[2014-11-03 22:58:42] EDIT Test_App/views/default/create.html: 0
[2014-11-03 22:58:53] EDIT Test_App/views/default/create.html: 0
[2014-11-03 22:58:58] EDIT Test_App/views/default/create.html: 0
[2014-11-03 22:59:34] EDIT Test_App/views/default/create.html: 0
[2014-11-03 22:59:44] EDIT Test_App/models/db.py: 0
[2014-11-03 22:59:53] EDIT Test_App/views/default/create.html: 0
[2014-11-03 23:00:21] EDIT Test_App/views/default/create.html: 0
[2014-11-03 23:00:21] EDIT Test_App/views/default/create.html: 0
[2014-11-03 23:00:21] EDIT Test_App/views/default/create.html: 0
[2014-11-03 23:00:22] EDIT Test_App/views/default/create.html: 0
[2014-11-03 23:00:22] EDIT Test_App/views/default/create.html: 0
[2014-11-03 23:00:33] EDIT Test_App/models/db.py: 0
[2014-11-03 23:00:39] EDIT Test_App/models/db.py: 0
[2014-11-03 23:00:39] EDIT Test_App/models/db.py: 0
[2014-11-03 23:02:00] EDIT Test_App/models/db.py: -1
[2014-11-03 23:02:27] EDIT Test_App/models/db.py: 11
[2014-11-03 23:02:30] EDIT Test_App/models/db.py: 0
[2014-11-03 23:03:08] EDIT Test_App/views/default/create.html: 0
[2014-11-03 23:03:25] EDIT Test_App/models/db.py: 1
[2014-11-03 23:03:42] EDIT Test_App/views/default/create.html: 0
[2014-11-03 23:03:50] EDIT Test_App/models/db.py: 0
[2014-11-03 23:03:53] EDIT Test_App/models/db.py: 0
[2014-11-03 23:04:07] EDIT Test_App/views/default/create.html: 0
[2014-11-03 23:05:46] EDIT Test_App/views/default/index.html: 0
[2014-11-03 23:08:11] EDIT Test_App/controllers/default.py: 1
[2014-11-03 23:08:32] EDIT Test_App/controllers/default.py: 0
[2014-11-03 23:08:42] EDIT Test_App/controllers/default.py: 0
[2014-11-03 23:08:46] EDIT Test_App/controllers/default.py: -1
[2014-11-03 23:09:12] EDIT Test_App/models/db.py: 1
[2014-11-03 23:09:17] EDIT Test_App/models/db.py: 0
[2014-11-03 23:10:05] EDIT Test_App/views/default/index.html: 0
[2014-11-03 23:10:18] EDIT Test_App/views/default/index.html: 0
[2014-11-03 23:10:42] EDIT Test_App/views/default/index.html: -1
[2014-11-03 23:11:09] EDIT Test_App/views/default/index.html: 0
[2014-11-03 23:11:46] EDIT Test_App/views/default/index.html: 0
[2014-11-03 23:12:09] EDIT Test_App/views/default/index.html: -3
[2014-11-03 23:12:18] EDIT Test_App/views/default/index.html: 1
[2014-11-03 23:12:31] EDIT Test_App/views/default/index.html: 0
[2014-11-03 23:12:36] EDIT Test_App/views/default/index.html: 0
[2014-11-03 23:12:42] EDIT Test_App/views/default/index.html: 1
[2014-11-03 23:12:48] EDIT Test_App/views/default/index.html: 0
[2014-11-03 23:12:51] EDIT Test_App/views/default/index.html: 0
[2014-11-03 23:13:04] EDIT Test_App/views/default/index.html: 1
[2014-11-03 23:13:15] EDIT Test_App/views/default/index.html: 2
[2014-11-03 23:14:30] EDIT Test_App/views/default/index.html: 0
[2014-11-03 23:14:47] EDIT Test_App/views/default/index.html: 0
[2014-11-03 23:19:18] EDIT Test_App/controllers/default.py: 21
[2014-11-03 23:19:32] EDIT Test_App/controllers/default.py: -1
[2014-11-03 23:19:57] EDIT Test_App/controllers/default.py: -4
[2014-11-03 23:20:06] EDIT Test_App/controllers/default.py: -1
[2014-11-03 23:20:12] EDIT Test_App/controllers/default.py: 0
[2014-11-03 23:20:22] EDIT Test_App/controllers/default.py: 0
[2014-11-03 23:20:26] EDIT Test_App/controllers/default.py: -1
[2014-11-03 23:20:35] EDIT Test_App/controllers/default.py: 0
[2014-11-03 23:20:46] EDIT Test_App/controllers/default.py: 0
[2014-11-03 23:20:51] EDIT Test_App/controllers/default.py: 0
[2014-11-03 23:20:54] EDIT Test_App/controllers/default.py: 0
[2014-11-03 23:21:55] EDIT Test_App/views/default/create.html: -23
[2014-11-03 23:22:25] EDIT Test_App/controllers/default.py: 1
[2014-11-03 23:22:43] EDIT Test_App/controllers/default.py: 4
[2014-11-03 23:22:51] EDIT Test_App/controllers/default.py: -1
[2014-11-03 23:22:55] EDIT Test_App/controllers/default.py: 0
[2014-11-03 23:22:58] EDIT Test_App/controllers/default.py: -4
[2014-11-03 23:23:07] EDIT Test_App/views/default/create.html: 4
[2014-11-03 23:24:06] EDIT Test_App/views/default/create.html: 0
[2014-11-03 23:24:08] EDIT Test_App/views/default/create.html: 0
[2014-11-03 23:24:16] EDIT Test_App/views/default/create.html: 0
[2014-11-03 23:24:22] EDIT Test_App/views/default/create.html: 0
[2014-11-03 23:24:48] EDIT Test_App/views/default/create.html: 0
[2014-11-03 23:24:59] EDIT Test_App/views/default/create.html: 0
[2014-11-03 23:25:03] EDIT Test_App/views/default/create.html: 0
[2014-11-03 23:27:04] EDIT Test_App/views/default/create.html: 0
[2014-11-03 23:34:33] EDIT Test_App/views/default/create.html: 3
[2014-11-03 23:34:33] EDIT Test_App/views/default/create.html: 0
[2014-11-03 23:34:50] EDIT Test_App/views/default/create.html: 0
[2014-11-03 23:40:03] EDIT Test_App/views/default/create.html: 1
[2014-11-03 23:50:13] EDIT Test_App/views/default/create.html: 0
[2014-11-03 23:54:30] EDIT Test_App/views/default/create.html: -3
[2014-11-03 23:55:14] EDIT Test_App/views/default/create.html: 0
[2014-11-03 23:55:14] EDIT Test_App/views/default/create.html: 0
[2014-11-04 00:04:20] EDIT Test_App/views/default/create.html: 0
[2014-11-04 00:05:45] EDIT Test_App/views/default/create.html: 0
[2014-11-04 00:08:06] EDIT Test_App/views/default/create.html: 3
[2014-11-04 00:08:31] EDIT Test_App/views/default/create.html: 0
[2014-11-04 00:08:49] EDIT Test_App/views/default/create.html: 0
[2014-11-04 00:09:26] EDIT Test_App/views/default/create.html: 2
[2014-11-04 00:12:00] EDIT Test_App/views/default/create.html: 1
[2014-11-04 00:13:50] EDIT Test_App/views/default/create.html: 0
[2014-11-04 00:19:51] EDIT Test_App/controllers/default.py: 8
[2014-11-04 00:20:08] EDIT Test_App/controllers/default.py: 7
[2014-11-04 00:20:18] EDIT Test_App/controllers/default.py: 1
[2014-11-04 00:20:24] EDIT Test_App/controllers/default.py: 0
[2014-11-04 00:22:01] EDIT Test_App/controllers/default.py: 1
[2014-11-04 00:22:04] EDIT Test_App/controllers/default.py: 0
[2014-11-04 00:22:11] EDIT Test_App/controllers/default.py: 0
[2014-11-04 00:22:13] EDIT Test_App/controllers/default.py: 0
[2014-11-04 00:22:18] EDIT Test_App/controllers/default.py: 0
[2014-11-04 00:22:20] EDIT Test_App/controllers/default.py: 0
[2014-11-04 00:22:23] EDIT Test_App/controllers/default.py: 0
[2014-11-04 00:22:26] EDIT Test_App/controllers/default.py: 0
[2014-11-04 00:22:35] EDIT Test_App/controllers/default.py: -1
[2014-11-04 00:23:06] EDIT Test_App/views/default/create.html: -11
[2014-11-04 00:25:50] EDIT Test_App/views/default/create.html: 10
[2014-11-04 00:26:23] EDIT Test_App/controllers/default.py: 2
[2014-11-04 00:27:17] EDIT Test_App/views/default/create.html: 1
[2014-11-04 00:27:54] EDIT Test_App/views/default/create.html: 0
[2014-11-04 00:28:29] EDIT Test_App/views/default/create.html: -1
[2014-11-04 00:28:58] EDIT Test_App/views/default/create.html: 0
[2014-11-04 00:29:17] EDIT Test_App/views/default/create.html: 0
[2014-11-04 00:29:59] EDIT Test_App/views/default/create.html: 1
[2014-11-04 00:30:05] EDIT Test_App/views/default/create.html: 0
[2014-11-04 00:30:26] EDIT Test_App/controllers/default.py: 0
[2014-11-04 00:30:32] EDIT Test_App/controllers/default.py: -2
[2014-11-04 00:30:47] EDIT Test_App/controllers/default.py: 0
[2014-11-04 00:31:38] EDIT Test_App/views/default/create.html: -10
[2014-11-04 00:31:49] EDIT Test_App/views/default/create.html: -1
[2014-11-04 00:32:13] EDIT Test_App/controllers/default.py: 1
[2014-11-04 00:32:20] EDIT Test_App/controllers/default.py: 0
[2014-11-04 00:32:29] EDIT Test_App/controllers/default.py: 0
[2014-11-04 00:32:40] EDIT Test_App/controllers/default.py: 0
[2014-11-04 00:32:50] EDIT Test_App/controllers/default.py: 1
[2014-11-04 00:32:54] EDIT Test_App/controllers/default.py: 0
[2014-11-04 00:33:06] EDIT Test_App/controllers/default.py: 0
[2014-11-04 00:33:13] EDIT Test_App/controllers/default.py: 0
[2014-11-04 00:33:15] EDIT Test_App/controllers/default.py: 0
[2014-11-04 00:35:44] EDIT Test_App/controllers/default.py: 0
[2014-11-04 00:35:53] EDIT Test_App/controllers/default.py: 0
[2014-11-04 00:36:25] EDIT Test_App/controllers/default.py: 0
[2014-11-04 00:36:26] EDIT Test_App/controllers/default.py: 0
[2014-11-04 00:36:30] EDIT Test_App/controllers/default.py: 0
[2014-11-04 00:36:34] EDIT Test_App/controllers/default.py: 0
[2014-11-04 00:37:22] EDIT Test_App/views/default/create.html: -1
[2014-11-04 00:38:03] EDIT Test_App/controllers/default.py: 0
[2014-11-04 00:38:12] EDIT Test_App/controllers/default.py: 0
[2014-11-04 00:38:21] EDIT Test_App/controllers/default.py: 0
[2014-11-04 00:38:25] EDIT Test_App/controllers/default.py: 0
[2014-11-04 00:40:50] EDIT Test_App/controllers/default.py: 2
[2014-11-04 00:41:45] EDIT Test_App/controllers/default.py: 0
[2014-11-04 00:42:03] EDIT Test_App/controllers/default.py: 1
[2014-11-04 00:42:09] EDIT Test_App/controllers/default.py: 1
[2014-11-04 00:43:03] EDIT Test_App/controllers/default.py: 1
[2014-11-04 00:43:10] EDIT Test_App/controllers/default.py: 1
[2014-11-04 00:43:17] EDIT Test_App/controllers/default.py: 0
[2014-11-04 00:43:40] EDIT Test_App/controllers/default.py: 0
[2014-11-04 00:43:47] EDIT Test_App/controllers/default.py: 0
[2014-11-04 00:44:00] EDIT Test_App/controllers/default.py: 0
[2014-11-04 00:44:15] EDIT Test_App/controllers/default.py: 0
[2014-11-04 00:45:09] EDIT Test_App/controllers/default.py: 0
[2014-11-04 00:45:17] EDIT Test_App/controllers/default.py: -2
[2014-11-04 00:45:25] EDIT Test_App/controllers/default.py: 0
[2014-11-04 00:46:13] EDIT Test_App/controllers/default.py: 0
[2014-11-04 08:13:37] EDIT Test_App/controllers/default.py: 0
[2014-11-04 08:13:41] EDIT Test_App/controllers/default.py: 0
[2014-11-04 08:13:48] EDIT Test_App/controllers/default.py: 0
[2014-11-04 08:23:17] EDIT Test_App/controllers/default.py: 2
[2014-11-04 08:25:48] EDIT Test_App/controllers/default.py: 1
[2014-11-04 08:26:02] EDIT Test_App/controllers/default.py: 0
[2014-11-04 08:26:31] EDIT Test_App/controllers/default.py: 0
[2014-11-04 08:29:35] EDIT Test_App/controllers/default.py: 0
[2014-11-04 08:29:47] EDIT Test_App/controllers/default.py: 0
[2014-11-04 08:30:59] EDIT Test_App/controllers/default.py: 0
[2014-11-04 08:31:06] EDIT Test_App/controllers/default.py: 0
[2014-11-04 08:31:42] EDIT Test_App/controllers/default.py: 0
[2014-11-04 08:35:03] EDIT Test_App/controllers/default.py: 1
[2014-11-04 08:35:27] EDIT Test_App/controllers/default.py: 0
[2014-11-04 08:35:47] EDIT Test_App/controllers/default.py: 0
[2014-11-04 08:36:17] EDIT Test_App/controllers/default.py: 1
[2014-11-04 08:36:37] EDIT Test_App/controllers/default.py: 0
[2014-11-04 08:36:44] EDIT Test_App/controllers/default.py: 0
[2014-11-04 08:37:05] EDIT Test_App/controllers/default.py: 1
[2014-11-04 08:49:21] EDIT Test_App/controllers/default.py: 0
[2014-11-04 08:54:05] EDIT Test_App/controllers/default.py: 1
[2014-11-04 08:54:28] EDIT Test_App/controllers/default.py: 0
[2014-11-04 08:55:01] EDIT Test_App/controllers/default.py: 0
[2014-11-04 09:04:43] EDIT Test_App/controllers/default.py: 2
[2014-11-04 09:04:47] EDIT Test_App/controllers/default.py: 0
[2014-11-04 09:04:55] EDIT Test_App/controllers/default.py: -2
[2014-11-04 09:06:17] EDIT Test_App/controllers/default.py: 0
[2014-11-04 09:06:22] EDIT Test_App/controllers/default.py: -2
[2014-11-04 09:08:37] EDIT Test_App/controllers/default.py: 0
[2014-11-04 09:09:54] EDIT Test_App/controllers/default.py: 0
[2014-11-04 09:10:38] EDIT Test_App/controllers/default.py: 0
[2014-11-04 09:11:02] EDIT Test_App/controllers/default.py: 0
[2014-11-04 09:14:11] EDIT Test_App/controllers/default.py: 1
[2014-11-04 09:16:40] EDIT Test_App/controllers/default.py: 2
[2014-11-04 09:16:42] EDIT Test_App/controllers/default.py: 0
[2014-11-04 09:16:44] EDIT Test_App/controllers/default.py: 0
[2014-11-04 09:18:53] EDIT Test_App/controllers/default.py: 1
[2014-11-04 09:19:01] EDIT Test_App/controllers/default.py: 0
[2014-11-04 09:19:41] EDIT Test_App/controllers/default.py: 4
[2014-11-04 09:19:56] EDIT Test_App/controllers/default.py: 0
[2014-11-04 09:20:37] EDIT Test_App/controllers/default.py: 0
[2014-11-04 09:21:41] EDIT Test_App/controllers/default.py: 0
[2014-11-04 09:21:54] EDIT Test_App/controllers/default.py: 0
[2014-11-04 09:22:34] EDIT Test_App/controllers/default.py: 0
[2014-11-04 09:22:40] EDIT Test_App/controllers/default.py: 0
[2014-11-04 09:22:43] EDIT Test_App/controllers/default.py: 0
[2014-11-04 09:24:22] EDIT Test_App/controllers/default.py: 0
[2014-11-04 09:24:24] EDIT Test_App/controllers/default.py: 0
[2014-11-04 09:25:07] EDIT Test_App/controllers/default.py: 0
[2014-11-04 09:25:09] EDIT Test_App/controllers/default.py: 0
[2014-11-04 09:26:28] EDIT Test_App/controllers/default.py: 0
[2014-11-04 09:26:51] EDIT Test_App/controllers/default.py: 0
[2014-11-04 09:27:00] EDIT Test_App/controllers/default.py: 0
[2014-11-04 09:27:03] EDIT Test_App/controllers/default.py: 0
[2014-11-04 09:28:53] EDIT Test_App/models/db.py: 0
[2014-11-04 09:29:24] EDIT Test_App/controllers/default.py: 0
[2014-11-04 09:30:48] EDIT Test_App/controllers/default.py: 0
[2014-11-04 09:30:56] EDIT Test_App/controllers/default.py: 0
[2014-11-04 09:31:01] EDIT Test_App/controllers/default.py: 0
[2014-11-04 09:31:06] EDIT Test_App/controllers/default.py: 0
[2014-11-04 09:31:14] EDIT Test_App/controllers/default.py: 0
[2014-11-04 09:31:19] EDIT Test_App/controllers/default.py: 0
[2014-11-04 09:42:45] EDIT Test_App/controllers/default.py: 0
[2014-11-04 09:43:14] EDIT Test_App/controllers/default.py: 1
[2014-11-04 09:43:41] EDIT Test_App/controllers/default.py: 1
[2014-11-04 09:43:48] EDIT Test_App/controllers/default.py: 0
[2014-11-04 09:44:02] EDIT Test_App/controllers/default.py: 2
[2014-11-04 09:44:09] EDIT Test_App/controllers/default.py: 0
[2014-11-04 09:44:11] EDIT Test_App/controllers/default.py: 0
[2014-11-04 09:44:37] EDIT Test_App/controllers/default.py: 1
[2014-11-04 09:45:09] EDIT Test_App/controllers/default.py: 0
[2014-11-04 09:45:29] EDIT Test_App/controllers/default.py: 0
[2014-11-04 09:49:49] EDIT Test_App/controllers/default.py: 0
[2014-11-04 09:57:44] EDIT Test_App/views/default/create.html: 0
[2014-11-04 09:58:07] EDIT Test_App/views/default/create.html: 0
[2014-11-04 09:58:12] EDIT Test_App/views/default/create.html: 0
[2014-11-04 09:58:14] EDIT Test_App/views/default/create.html: 0
[2014-11-04 10:00:11] EDIT Test_App/views/default/index.html: -11
[2014-11-04 10:06:03] EDIT Test_App/views/default/index.html: 4
[2014-11-04 10:10:06] EDIT Test_App/views/default/index.html: 0
[2014-11-04 10:10:35] EDIT Test_App/views/default/index.html: 2
[2014-11-04 10:11:01] EDIT Test_App/views/default/index.html: 2
[2014-11-04 10:11:24] EDIT Test_App/views/default/index.html: 2
[2014-11-04 10:11:30] EDIT Test_App/views/default/index.html: 0
[2014-11-04 10:11:57] EDIT Test_App/views/default/index.html: 0
[2014-11-04 10:12:19] EDIT Test_App/views/default/index.html: 1
[2014-11-04 10:12:34] EDIT Test_App/views/default/index.html: -1
[2014-11-04 10:12:42] EDIT Test_App/views/default/index.html: 0
[2014-11-04 10:12:46] EDIT Test_App/views/default/index.html: 1
[2014-11-04 10:13:00] EDIT Test_App/views/default/index.html: 1
[2014-11-04 10:13:21] EDIT Test_App/views/default/index.html: 1
[2014-11-04 10:13:30] EDIT Test_App/views/default/index.html: 1
[2014-11-04 10:13:48] EDIT Test_App/views/default/index.html: 2
[2014-11-04 10:17:36] EDIT Test_App/views/default/index.html: -1
[2014-11-04 10:17:37] EDIT Test_App/views/default/index.html: 0
[2014-11-04 10:18:11] EDIT Test_App/views/default/index.html: 0
[2014-11-04 10:19:22] EDIT Test_App/views/default/index.html: 0
[2014-11-04 10:19:38] EDIT Test_App/views/default/index.html: 0
[2014-11-04 10:22:02] EDIT Test_App/controllers/default.py: 5
[2014-11-04 10:22:16] EDIT Test_App/controllers/default.py: 0
[2014-11-04 10:46:35] EDIT Test_App/controllers/default.py: 0
[2014-11-04 12:51:44] EDIT Test_App/controllers/default.py: 0
[2014-11-04 12:55:53] EDIT Test_App/controllers/default.py: 0
[2014-11-04 13:05:35] EDIT Test_App/controllers/default.py: -1
[2014-11-04 14:29:03] EDIT Test_App/views/default/index.html: 0
[2014-11-04 14:29:25] EDIT Test_App/views/default/index.html: 0
[2014-11-04 14:30:21] EDIT Test_App/views/default/index.html: 0
[2014-11-04 14:32:07] EDIT Test_App/views/default/index.html: 0
[2014-11-04 14:34:00] EDIT Test_App/views/default/index.html: 2
[2014-11-04 17:07:46] EDIT Test_App/views/default/create.html: 0
[2014-11-04 17:12:33] EDIT Test_App/controllers/default.py: 0
[2014-11-05 00:07:58] EDIT Test_App/views/default/index.html: 1
[2014-11-05 00:09:46] EDIT Test_App/views/default/index.html: 0
[2014-11-05 00:10:05] EDIT Test_App/views/default/index.html: -5
[2014-11-05 00:11:13] EDIT Test_App/views/default/index.html: 4
[2014-11-05 00:11:20] EDIT Test_App/views/default/index.html: 6
[2014-11-05 00:12:14] EDIT Test_App/views/default/index.html: 1
[2014-11-05 00:13:38] EDIT Test_App/views/default/index.html: 1
[2014-11-05 00:16:40] CREATE masonry.js: 0
[2014-11-05 00:17:46] EDIT Test_App/static/masonry.js: 175
[2014-11-05 00:18:49] CREATE js/masonry.js: 0
[2014-11-05 00:19:03] EDIT Test_App/static/js/masonry.js: 175
[2014-11-05 00:19:33] EDIT Test_App/views/default/index.html: 0
[2014-11-05 00:19:40] EDIT Test_App/views/default/index.html: 0
[2014-11-05 00:20:12] EDIT Test_App/views/default/index.html: 2
[2014-11-05 00:20:28] EDIT Test_App/views/default/index.html: 1
[2014-11-05 00:22:22] EDIT Test_App/views/default/index.html: 0
[2014-11-05 00:40:36] EDIT Test_App/views/default/index.html: 0
[2014-11-05 00:40:44] EDIT Test_App/views/default/index.html: 0
[2014-11-05 00:40:58] EDIT Test_App/views/default/index.html: 1
[2014-11-05 00:41:09] EDIT Test_App/views/default/index.html: 0
[2014-11-05 00:41:16] EDIT Test_App/views/default/index.html: 0
[2014-11-05 00:42:34] EDIT Test_App/views/default/index.html: 1
[2014-11-05 00:43:29] EDIT Test_App/views/default/index.html: 0
[2014-11-05 00:44:52] UPLOAD C:/Users/TheThar/Documents/web2py_win/web2py/applications/Test_App/static/jquery.js: 4
[2014-11-05 00:45:25] EDIT Test_App/views/default/index.html: 1
[2014-11-05 00:47:37] EDIT Test_App/views/default/index.html: 0
[2014-11-05 00:48:04] EDIT Test_App/views/default/index.html: 0
[2014-11-05 00:48:58] EDIT Test_App/views/default/index.html: 0
[2014-11-05 00:49:13] EDIT Test_App/views/default/index.html: -1
[2014-11-05 00:52:04] EDIT Test_App/views/default/index.html: 0
[2014-11-05 00:52:47] EDIT Test_App/views/default/index.html: 0
[2014-11-05 00:53:40] EDIT Test_App/views/default/index.html: 1
[2014-11-05 00:53:46] EDIT Test_App/views/default/index.html: 0
[2014-11-05 00:54:54] EDIT Test_App/views/default/index.html: 0
[2014-11-05 00:55:04] EDIT Test_App/views/default/index.html: 0
[2014-11-05 00:56:08] EDIT Test_App/views/default/index.html: 0
[2014-11-05 00:56:18] EDIT Test_App/views/default/index.html: 1
[2014-11-05 00:56:27] EDIT Test_App/views/default/index.html: 0
[2014-11-05 00:57:05] EDIT Test_App/views/default/index.html: 6
[2014-11-05 00:57:11] EDIT Test_App/views/default/index.html: 0
[2014-11-05 00:58:01] EDIT Test_App/views/default/index.html: 0
[2014-11-05 01:00:15] EDIT Test_App/views/default/index.html: 0
[2014-11-05 01:00:39] EDIT Test_App/views/default/index.html: 0
[2014-11-05 01:01:08] EDIT Test_App/views/default/index.html: -1
[2014-11-05 01:01:22] EDIT Test_App/views/default/index.html: 0
[2014-11-05 01:01:26] EDIT Test_App/views/default/index.html: 0
[2014-11-05 01:02:46] EDIT Test_App/views/default/index.html: 0
[2014-11-05 01:05:48] EDIT Test_App/views/default/index.html: 0
[2014-11-05 01:05:52] EDIT Test_App/views/default/index.html: 0
[2014-11-05 01:08:35] EDIT Test_App/views/default/index.html: 0
[2014-11-05 01:08:48] EDIT Test_App/views/default/index.html: 0
[2014-11-05 01:09:16] EDIT Test_App/views/default/index.html: 0
[2014-11-05 01:10:55] EDIT Test_App/views/default/index.html: -1
[2014-11-05 18:46:10] EDIT Test_App/models/db.py: -11
[2014-11-05 19:02:32] EDIT Test_App/models/db.py: 0
[2014-11-05 19:10:27] UPLOAD C:/Users/TheThar/Documents/web2py_win/web2py/applications/Test_App/static/blocksit.min.js: 1
[2014-11-05 19:13:14] EDIT Test_App/views/default/index.html: 0
[2014-11-05 19:13:56] EDIT Test_App/views/default/index.html: 0
[2014-11-05 19:14:08] EDIT Test_App/views/default/index.html: 0
[2014-11-05 19:45:18] EDIT Test_App/views/default/index.html: 0
[2014-11-05 19:46:17] EDIT Test_App/views/default/index.html: 0
[2014-11-05 19:47:03] EDIT Test_App/views/default/index.html: 1
[2014-11-05 19:48:19] EDIT Test_App/views/default/index.html: 0
[2014-11-05 20:03:20] EDIT Test_App/views/default/index.html: 0
[2014-11-05 20:03:37] EDIT Test_App/views/default/index.html: 0
[2014-11-05 20:04:21] EDIT Test_App/views/default/index.html: 0
[2014-11-05 20:04:53] EDIT Test_App/views/default/index.html: 0
[2014-11-05 20:06:31] EDIT Test_App/views/default/index.html: -4
[2014-11-05 20:12:07] EDIT Test_App/views/default/index.html: 1
[2014-11-05 20:12:37] UPLOAD C:/Users/TheThar/Documents/web2py_win/web2py/applications/Test_App/static/style.css: 141
[2014-11-05 20:19:48] EDIT Test_App/static/style.css: 0
[2014-11-05 20:22:08] EDIT Test_App/controllers/default.py: 0
[2014-11-05 20:26:15] EDIT Test_App/static/style.css: 0
[2014-11-05 20:26:57] EDIT Test_App/views/default/index.html: 0
[2014-11-05 20:29:31] EDIT Test_App/views/default/index.html: 1
[2014-11-05 20:29:45] EDIT Test_App/views/default/index.html: 0
[2014-11-05 20:30:54] EDIT Test_App/views/default/index.html: 0
[2014-11-05 20:31:22] EDIT Test_App/views/default/index.html: 0
[2014-11-05 20:34:52] EDIT Test_App/views/default/index.html: 2
[2014-11-05 20:35:37] EDIT Test_App/views/default/index.html: 0
[2014-11-05 20:44:22] EDIT Test_App/static/style.css: 0
[2014-11-05 20:45:06] EDIT Test_App/static/style.css: 0
[2014-11-05 20:46:06] EDIT Test_App/views/default/index.html: 1
[2014-11-05 20:46:53] EDIT Test_App/views/default/index.html: 0
[2014-11-05 20:47:09] EDIT Test_App/views/default/index.html: 0
[2014-11-05 20:47:25] EDIT Test_App/views/default/index.html: -3
[2014-11-05 20:48:16] EDIT Test_App/static/style.css: 0
[2014-11-05 20:48:25] EDIT Test_App/static/style.css: 0
[2014-11-05 20:49:11] EDIT Test_App/static/style.css: 0
[2014-11-05 20:49:36] EDIT Test_App/views/default/index.html: 0
[2014-11-05 20:50:25] EDIT Test_App/views/default/index.html: 0
[2014-11-07 16:11:52] EDIT Test_App/views/default/index.html: -9
[2014-11-07 16:12:02] EDIT Test_App/views/default/index.html: -1
